<?xml version="1.0" encoding="UTF-8"?>
<!-- Generated by org.testng.reporters.JUnitXMLReporter -->
<testsuite hostname="minh" name="Default test" tests="6" failures="0" timestamp="11 Dec 2016 16:44:56 GMT" time="0.047" errors="0">
  <testcase name="maxAdd" time="0.006" classname="testingforstaticAPIs.HappyPathTests"/>
  <testcase name="simpleAdd" time="0.002" classname="testingforstaticAPIs.HappyPathTests"/>
  <testcase name="simpleDivide" time="0.003" classname="testingforstaticAPIs.HappyPathTests"/>
  <testcase name="simpleModulo" time="0.002" classname="testingforstaticAPIs.HappyPathTests"/>
  <testcase name="simpleMultiple" time="0.001" classname="testingforstaticAPIs.HappyPathTests"/>
  <testcase name="simpleSubtract" time="0.001" classname="testingforstaticAPIs.HappyPathTests"/>
</testsuite> <!-- Default test -->
