<?xml version="1.0" encoding="UTF-8"?>
<!-- Generated by org.testng.reporters.JUnitXMLReporter -->
<testsuite hostname="minh" name="Test" tests="3" failures="2" timestamp="11 Dec 2016 17:17:05 GMT" time="0.042" errors="0">
  <testcase name="aboveUpperLimit" time="0.004" classname="testingforstaticAPIs.InvalidTests">
    <failure type="org.testng.TestException" message="
Method InvalidTests.aboveUpperLimit()[pri:0, instance:testingforstaticAPIs.InvalidTests@7946e1f4] should have thrown an exception of type class java.lang.Exception">
      <![CDATA[org.testng.TestException: 
Method InvalidTests.aboveUpperLimit()[pri:0, instance:testingforstaticAPIs.InvalidTests@7946e1f4] should have thrown an exception of type class java.lang.Exception
... Removed 22 stack frames]]>
    </failure>
  </testcase> <!-- aboveUpperLimit -->
  <testcase name="belowLowerLimit" time="0.002" classname="testingforstaticAPIs.InvalidTests">
    <failure type="org.testng.TestException" message="
Method InvalidTests.belowLowerLimit()[pri:0, instance:testingforstaticAPIs.InvalidTests@7946e1f4] should have thrown an exception of type class java.lang.Exception">
      <![CDATA[org.testng.TestException: 
Method InvalidTests.belowLowerLimit()[pri:0, instance:testingforstaticAPIs.InvalidTests@7946e1f4] should have thrown an exception of type class java.lang.Exception
... Removed 22 stack frames]]>
    </failure>
  </testcase> <!-- belowLowerLimit -->
  <testcase name="divideByZero" time="0.002" classname="testingforstaticAPIs.InvalidTests"/>
</testsuite> <!-- Test -->
