<?xml version="1.0" encoding="UTF-8"?>
<testng-results skipped="0" failed="0" total="1" passed="1">
  <reporter-output>
  </reporter-output>
  <suite name="Default suite" duration-ms="37623" started-at="2016-12-26T15:26:01Z" finished-at="2016-12-26T15:26:38Z">
    <groups>
    </groups>
    <test name="Default test" duration-ms="37623" started-at="2016-12-26T15:26:01Z" finished-at="2016-12-26T15:26:38Z">
      <class name="testing.VirtueMartTest">
        <test-method status="PASS" signature="beforeMethod()[pri:0, instance:testing.VirtueMartTest@1e88b3c]" name="beforeMethod" is-config="true" duration-ms="3889" started-at="2016-12-26T22:26:01Z" finished-at="2016-12-26T22:26:05Z">
          <reporter-output>
          </reporter-output>
        </test-method> <!-- beforeMethod -->
        <test-method status="PASS" signature="happyPathTest()[pri:0, instance:testing.VirtueMartTest@1e88b3c]" name="happyPathTest" duration-ms="33721" started-at="2016-12-26T22:26:05Z" finished-at="2016-12-26T22:26:38Z">
          <reporter-output>
          </reporter-output>
        </test-method> <!-- happyPathTest -->
        <test-method status="PASS" signature="afterMethod()[pri:0, instance:testing.VirtueMartTest@1e88b3c]" name="afterMethod" is-config="true" duration-ms="0" started-at="2016-12-26T22:26:38Z" finished-at="2016-12-26T22:26:38Z">
          <reporter-output>
          </reporter-output>
        </test-method> <!-- afterMethod -->
      </class> <!-- testing.VirtueMartTest -->
    </test> <!-- Default test -->
  </suite> <!-- Default suite -->
</testng-results>
