<?xml version="1.0" encoding="UTF-8"?>
<!-- Generated by org.testng.reporters.JUnitXMLReporter -->
<testsuite hostname="minh" name="Default test" tests="3" failures="0" timestamp="18 Dec 2016 13:52:46 GMT" time="39.549" errors="0">
  <testcase name="testSimpleCalculator" time="3.466" classname="testing.DataDrivenTest"/>
  <testcase name="testSimpleCalculator" time="1.868" classname="testing.DataDrivenTest"/>
  <testcase name="testSimpleCalculator" time="1.69" classname="testing.DataDrivenTest"/>
</testsuite> <!-- Default test -->
