<?xml version="1.0" encoding="UTF-8"?>
<testng-results skipped="0" failed="0" total="3" passed="3">
  <reporter-output>
  </reporter-output>
  <suite name="Default suite" duration-ms="39549" started-at="2016-12-18T13:52:06Z" finished-at="2016-12-18T13:52:46Z">
    <groups>
    </groups>
    <test name="Default test" duration-ms="39549" started-at="2016-12-18T13:52:06Z" finished-at="2016-12-18T13:52:46Z">
      <class name="testing.DataDrivenTest">
        <test-method status="PASS" signature="setUp()[pri:0, instance:testing.DataDrivenTest@5c3bd550]" name="setUp" is-config="true" duration-ms="3845" started-at="2016-12-18T20:52:06Z" finished-at="2016-12-18T20:52:10Z">
          <reporter-output>
          </reporter-output>
        </test-method> <!-- setUp -->
        <test-method status="PASS" signature="testSimpleCalculator(testing.DataDrivenTest$calculator)[pri:0, instance:testing.DataDrivenTest@5c3bd550]" name="testSimpleCalculator" duration-ms="3466" started-at="2016-12-18T20:52:10Z" data-provider="calculatorTestData" finished-at="2016-12-18T20:52:14Z">
          <params>
            <param index="0">
              <value>
                <![CDATA[testing.DataDrivenTest$calculator@748741cb]]>
              </value>
            </param>
          </params>
          <reporter-output>
          </reporter-output>
        </test-method> <!-- testSimpleCalculator -->
        <test-method status="PASS" signature="tearDown()[pri:0, instance:testing.DataDrivenTest@5c3bd550]" name="tearDown" is-config="true" duration-ms="8771" started-at="2016-12-18T20:52:14Z" finished-at="2016-12-18T20:52:22Z">
          <reporter-output>
          </reporter-output>
        </test-method> <!-- tearDown -->
        <test-method status="PASS" signature="setUp()[pri:0, instance:testing.DataDrivenTest@5c3bd550]" name="setUp" is-config="true" duration-ms="1863" started-at="2016-12-18T20:52:22Z" finished-at="2016-12-18T20:52:24Z">
          <reporter-output>
          </reporter-output>
        </test-method> <!-- setUp -->
        <test-method status="PASS" signature="testSimpleCalculator(testing.DataDrivenTest$calculator)[pri:0, instance:testing.DataDrivenTest@5c3bd550]" name="testSimpleCalculator" duration-ms="1868" started-at="2016-12-18T20:52:24Z" data-provider="calculatorTestData" finished-at="2016-12-18T20:52:26Z">
          <params>
            <param index="0">
              <value>
                <![CDATA[testing.DataDrivenTest$calculator@3f67593e]]>
              </value>
            </param>
          </params>
          <reporter-output>
          </reporter-output>
        </test-method> <!-- testSimpleCalculator -->
        <test-method status="PASS" signature="tearDown()[pri:0, instance:testing.DataDrivenTest@5c3bd550]" name="tearDown" is-config="true" duration-ms="8030" started-at="2016-12-18T20:52:26Z" finished-at="2016-12-18T20:52:34Z">
          <reporter-output>
          </reporter-output>
        </test-method> <!-- tearDown -->
        <test-method status="PASS" signature="setUp()[pri:0, instance:testing.DataDrivenTest@5c3bd550]" name="setUp" is-config="true" duration-ms="1927" started-at="2016-12-18T20:52:34Z" finished-at="2016-12-18T20:52:36Z">
          <reporter-output>
          </reporter-output>
        </test-method> <!-- setUp -->
        <test-method status="PASS" signature="testSimpleCalculator(testing.DataDrivenTest$calculator)[pri:0, instance:testing.DataDrivenTest@5c3bd550]" name="testSimpleCalculator" duration-ms="1690" started-at="2016-12-18T20:52:36Z" data-provider="calculatorTestData" finished-at="2016-12-18T20:52:38Z">
          <params>
            <param index="0">
              <value>
                <![CDATA[testing.DataDrivenTest$calculator@51133c06]]>
              </value>
            </param>
          </params>
          <reporter-output>
          </reporter-output>
        </test-method> <!-- testSimpleCalculator -->
        <test-method status="PASS" signature="tearDown()[pri:0, instance:testing.DataDrivenTest@5c3bd550]" name="tearDown" is-config="true" duration-ms="7939" started-at="2016-12-18T20:52:38Z" finished-at="2016-12-18T20:52:46Z">
          <reporter-output>
          </reporter-output>
        </test-method> <!-- tearDown -->
      </class> <!-- testing.DataDrivenTest -->
    </test> <!-- Default test -->
  </suite> <!-- Default suite -->
</testng-results>
